2021-11-09 12:40:31.801  INFO 7028 --- [main] tn.esprit.spring.EmployeServiceTest      : Starting EmployeServiceTest on DESKTOP-VRS7PH0 with PID 7028 (started by DESKTOP-VRS7PH0$ in C:\Users\Mr\Documents\Devops\TimesheetProject)
2021-11-09 12:40:31.811  INFO 7028 --- [main] tn.esprit.spring.EmployeServiceTest      : No active profile set, falling back to default profiles: default
2021-11-09 12:40:33.714  INFO 7028 --- [main] .s.d.r.c.RepositoryConfigurationDelegate : Bootstrapping Spring Data repositories in DEFAULT mode.
2021-11-09 12:40:33.854  INFO 7028 --- [main] .s.d.r.c.RepositoryConfigurationDelegate : Finished Spring Data repository scanning in 126ms. Found 6 repository interfaces.
2021-11-09 12:40:34.688  INFO 7028 --- [main] trationDelegate$BeanPostProcessorChecker : Bean 'org.springframework.transaction.annotation.ProxyTransactionManagementConfiguration' of type [org.springframework.transaction.annotation.ProxyTransactionManagementConfiguration$$EnhancerBySpringCGLIB$$d2cc747f] is not eligible for getting processed by all BeanPostProcessors (for example: not eligible for auto-proxying)
2021-11-09 12:40:35.148  INFO 7028 --- [main] com.zaxxer.hikari.HikariDataSource       : HikariPool-1 - Starting...
2021-11-09 12:40:35.503  INFO 7028 --- [main] com.zaxxer.hikari.HikariDataSource       : HikariPool-1 - Start completed.
2021-11-09 12:40:35.697  INFO 7028 --- [main] o.hibernate.jpa.internal.util.LogHelper  : HHH000204: Processing PersistenceUnitInfo [
	name: default
	...]
2021-11-09 12:40:35.788  INFO 7028 --- [main] org.hibernate.Version                    : HHH000412: Hibernate Core {5.3.9.Final}
2021-11-09 12:40:35.792  INFO 7028 --- [main] org.hibernate.cfg.Environment            : HHH000206: hibernate.properties not found
2021-11-09 12:40:36.049  INFO 7028 --- [main] o.hibernate.annotations.common.Version   : HCANN000001: Hibernate Commons Annotations {5.0.4.Final}
2021-11-09 12:40:36.707  INFO 7028 --- [main] org.hibernate.dialect.Dialect            : HHH000400: Using dialect: org.hibernate.dialect.MySQL5Dialect
2021-11-09 12:40:39.995  INFO 7028 --- [main] j.LocalContainerEntityManagerFactoryBean : Initialized JPA EntityManagerFactory for persistence unit 'default'
2021-11-09 12:40:40.698  INFO 7028 --- [main] o.h.h.i.QueryTranslatorFactoryInitiator  : HHH000397: Using ASTQueryTranslatorFactory
2021-11-09 12:40:43.082  INFO 7028 --- [main] o.s.s.concurrent.ThreadPoolTaskExecutor  : Initializing ExecutorService 'applicationTaskExecutor'
2021-11-09 12:40:43.310  WARN 7028 --- [main] aWebConfiguration$JpaWebMvcConfiguration : spring.jpa.open-in-view is enabled by default. Therefore, database queries may be performed during view rendering. Explicitly configure spring.jpa.open-in-view to disable this warning
2021-11-09 12:40:44.129  INFO 7028 --- [main] tn.esprit.spring.EmployeServiceTest      : Started EmployeServiceTest in 13.19 seconds (JVM running for 14.662)
2021-11-09 12:40:45.000  INFO 7028 --- [Thread-1] o.s.s.concurrent.ThreadPoolTaskExecutor  : Shutting down ExecutorService 'applicationTaskExecutor'
2021-11-09 12:40:45.008  INFO 7028 --- [Thread-1] j.LocalContainerEntityManagerFactoryBean : Closing JPA EntityManagerFactory for persistence unit 'default'
2021-11-09 12:40:45.018  INFO 7028 --- [Thread-1] com.zaxxer.hikari.HikariDataSource       : HikariPool-1 - Shutdown initiated...
2021-11-09 12:40:45.036  INFO 7028 --- [Thread-1] com.zaxxer.hikari.HikariDataSource       : HikariPool-1 - Shutdown completed.
